  main.cpp
main.cpp(154): warning C4244: '초기화 중': 'double'에서 'int'(으)로 변환하면서 데이터가 손실될 수 있습니다.
main.cpp(154): warning C4244: '초기화 중': 'double'에서 'const int'(으)로 변환하면서 데이터가 손실될 수 있습니다.
main.cpp(157): warning C4244: '=': 'unsigned long'에서 'float'(으)로 변환하면서 데이터가 손실될 수 있습니다.
main.cpp(160): warning C4267: '=': 'size_t'에서 'int'(으)로 변환하면서 데이터가 손실될 수 있습니다.
main.cpp(204): warning C4267: '=': 'size_t'에서 'int'(으)로 변환하면서 데이터가 손실될 수 있습니다.
main.cpp(351): warning C4267: '초기화 중': 'size_t'에서 'int'(으)로 변환하면서 데이터가 손실될 수 있습니다.
main.cpp(351): warning C4267: '초기화 중': 'size_t'에서 'const int'(으)로 변환하면서 데이터가 손실될 수 있습니다.
main.cpp(424): warning C4267: '초기화 중': 'size_t'에서 'int'(으)로 변환하면서 데이터가 손실될 수 있습니다.
main.cpp(424): warning C4267: '초기화 중': 'size_t'에서 'const int'(으)로 변환하면서 데이터가 손실될 수 있습니다.
main.cpp(492): warning C4267: '초기화 중': 'size_t'에서 'int'(으)로 변환하면서 데이터가 손실될 수 있습니다.
main.cpp(492): warning C4267: '초기화 중': 'size_t'에서 'const int'(으)로 변환하면서 데이터가 손실될 수 있습니다.
main.cpp(553): warning C4244: '초기화 중': 'float'에서 'int'(으)로 변환하면서 데이터가 손실될 수 있습니다.
main.cpp(553): warning C4244: '초기화 중': 'float'에서 'const int'(으)로 변환하면서 데이터가 손실될 수 있습니다.
main.cpp(554): warning C4244: '초기화 중': 'float'에서 'int'(으)로 변환하면서 데이터가 손실될 수 있습니다.
main.cpp(554): warning C4244: '초기화 중': 'float'에서 'const int'(으)로 변환하면서 데이터가 손실될 수 있습니다.
main.cpp(661): warning C4267: '=': 'size_t'에서 'int'(으)로 변환하면서 데이터가 손실될 수 있습니다.
  코드를 생성하고 있습니다.
  All 964 functions were compiled because no usable IPDB/IOBJ from previous compilation was found.
  코드를 생성했습니다.
  yolo_mark.vcxproj -> C:\Users\User\Desktop\Yolo_mark-master\Yolo_mark-master\x64\Release\yolo_mark.exe
  yolo_mark.vcxproj -> C:\Users\User\Desktop\Yolo_mark-master\Yolo_mark-master\x64\Release\yolo_mark.pdb (Full PDB)
